::1 - GET / HTTP/1.1 200 5789 - 54.317 ms
::1 - GET /appl HTTP/1.1 200 1537 - 3.939 ms
::1 - GET /favicon.ico HTTP/1.1 - - - - ms
::1 - GET /favicon.ico HTTP/1.1 - - - - ms
::1 - GET /favicon.ico HTTP/1.1 - - - - ms
::1 - GET / HTTP/1.1 200 5789 - 214.429 ms
::1 - GET /appl HTTP/1.1 304 - - 166.693 ms
::1 - GET /favicon.ico HTTP/1.1 - - - - ms
::1 - POST /startappl HTTP/1.1 - - - - ms
::1 - GET / HTTP/1.1 304 - - 8.224 ms
::1 - GET /favicon.ico HTTP/1.1 - - - - ms
::1 - GET /favicon.ico HTTP/1.1 - - - - ms
::1 - GET /info HTTP/1.1 200 27 - 0.764 ms
::1 - GET /favicon.ico HTTP/1.1 - - - - ms
::1 - GET / HTTP/1.1 304 - - 1.955 ms
::1 - GET /favicon.ico HTTP/1.1 - - - - ms
::1 - GET / HTTP/1.1 304 - - 1.798 ms
::1 - GET /favicon.ico HTTP/1.1 - - - - ms
::1 - GET /appl HTTP/1.1 304 - - 1.712 ms
::1 - GET /favicon.ico HTTP/1.1 - - - - ms
::1 - GET /favicon.ico HTTP/1.1 - - - - ms
::1 - GET / HTTP/1.1 200 5812 - 2.257 ms
::1 - GET /favicon.ico HTTP/1.1 - - - - ms
::1 - GET /favicon.ico HTTP/1.1 - - - - ms
::1 - GET /appl HTTP/1.1 304 - - 2.740 ms
::1 - GET /favicon.ico HTTP/1.1 - - - - ms
::1 - GET / HTTP/1.1 200 1537 - 191.778 ms
::1 - GET /application HTTP/1.1 200 5812 - 3.419 ms
::1 - GET /favicon.ico HTTP/1.1 - - - - ms
::1 - GET /appl HTTP/1.1 - - - - ms
::1 - GET /favicon.ico HTTP/1.1 - - - - ms
::1 - GET / HTTP/1.1 200 5812 - 124.256 ms
::1 - GET / HTTP/1.1 200 5812 - 3.201 ms
::ffff:127.0.0.1 - GET /favicon.ico HTTP/1.1 - - - - ms
::1 - GET / HTTP/1.1 200 5812 - 1.213 ms
::1 - GET /favicon.ico HTTP/1.1 - - - - ms
::ffff:127.0.0.1 - GET / HTTP/1.1 200 5825 - 12.648 ms
::1 - GET /appl HTTP/1.1 - - - - ms
::ffff:127.0.0.1 - GET /appl HTTP/1.1 - - - - ms
::1 - GET / HTTP/1.1 200 1537 - 62.795 ms
::1 - GET /appl HTTP/1.1 - - - - ms
::1 - GET /application HTTP/1.1 200 5825 - 2.010 ms
::1 - GET /favicon.ico HTTP/1.1 - - - - ms
::1 - GET /info HTTP/1.1 200 21 - 0.708 ms
::1 - GET /favicon.ico HTTP/1.1 - - - - ms
::1 - GET /favicon.ico HTTP/1.1 - - - - ms
::1 - GET /favicon.ico HTTP/1.1 - - - - ms
::1 - GET /favicon.ico HTTP/1.1 - - - - ms
::1 - GET /application HTTP/1.1 304 - - 3.156 ms
::1 - GET /appl HTTP/1.1 - - - - ms
::1 - GET /favicon.ico HTTP/1.1 - - - - ms
::1 - GET / HTTP/1.1 200 1521 - 4.261 ms
::1 - GET /application HTTP/1.1 304 - - 2.262 ms
::1 - GET /favicon.ico HTTP/1.1 - - - - ms
::1 - GET / HTTP/1.1 304 - - 21.144 ms
::1 - GET /favicon.ico HTTP/1.1 - - - - ms
::1 - GET /favicon.ico HTTP/1.1 - - - - ms
::1 - GET / HTTP/1.1 200 1098 - 9.863 ms
::1 - GET /application? HTTP/1.1 200 5825 - 4.078 ms
::1 - GET /favicon.ico HTTP/1.1 - - - - ms
::1 - GET /favicon.ico HTTP/1.1 - - - - ms
::1 - GET /application? HTTP/1.1 304 - - 2.493 ms
::1 - GET /favicon.ico HTTP/1.1 - - - - ms
::1 - GET / HTTP/1.1 200 1097 - 1.680 ms
::1 - GET /favicon.ico HTTP/1.1 - - - - ms
::1 - GET / HTTP/1.1 200 1097 - 22.270 ms
::1 - POST /startappl HTTP/1.1 - - - - ms
::1 - GET / HTTP/1.1 200 1097 - 2.967 ms
::1 - GET /favicon.ico HTTP/1.1 - - - - ms
::1 - GET / HTTP/1.1 200 1097 - 22.872 ms
::1 - POST /startappl HTTP/1.1 200 5825 - 27.099 ms
::ffff:127.0.0.1 - GET /favicon.ico HTTP/1.1 - - - - ms
::1 - GET /favicon.ico HTTP/1.1 - - - - ms
::1 - GET / HTTP/1.1 200 1121 - 13.577 ms
::ffff:127.0.0.1 - GET /favicon.ico HTTP/1.1 - - - - ms
::ffff:127.0.0.1 - GET / HTTP/1.1 200 1121 - 10.734 ms
::1 - GET /favicon.ico HTTP/1.1 - - - - ms
::ffff:127.0.0.1 - POST /startappl HTTP/1.1 200 5825 - 19.577 ms
::ffff:127.0.0.1 - GET /favicon.ico HTTP/1.1 - - - - ms
::1 - GET /favicon.ico HTTP/1.1 - - - - ms
::1 - GET / HTTP/1.1 200 1137 - 14.076 ms
::1 - GET / HTTP/1.1 200 1167 - 13.175 ms
::ffff:127.0.0.1 - GET /favicon.ico HTTP/1.1 - - - - ms
::1 - POST /startappl HTTP/1.1 200 5825 - 25.934 ms
::ffff:127.0.0.1 - GET /favicon.ico HTTP/1.1 - - - - ms
::1 - GET /favicon.ico HTTP/1.1 - - - - ms
::1 - GET /favicon.ico HTTP/1.1 - - - - ms
::1 - GET / HTTP/1.1 200 1185 - 15.559 ms
::1 - POST /startappl HTTP/1.1 200 5825 - 17.327 ms
::1 - GET /favicon.ico HTTP/1.1 - - - - ms
::1 - GET /favicon.ico HTTP/1.1 - - - - ms
::ffff:127.0.0.1 - GET / HTTP/1.1 200 1148 - 20.675 ms
::ffff:127.0.0.1 - GET /favicon.ico HTTP/1.1 - - - - ms
::ffff:127.0.0.1 - GET / HTTP/1.1 200 1150 - 17.785 ms
::ffff:127.0.0.1 - GET / HTTP/1.1 200 1162 - 11.418 ms
::1 - GET /favicon.ico HTTP/1.1 - - - - ms
::ffff:127.0.0.1 - GET / HTTP/1.1 200 1162 - 1.413 ms
::ffff:127.0.0.1 - GET /favicon.ico HTTP/1.1 - - - - ms
::ffff:127.0.0.1 - GET / HTTP/1.1 200 1162 - 5.135 ms
::ffff:127.0.0.1 - GET / HTTP/1.1 200 1162 - 0.798 ms
::ffff:127.0.0.1 - GET / HTTP/1.1 200 1162 - 1.313 ms
::ffff:127.0.0.1 - GET / HTTP/1.1 200 1162 - 9.850 ms
::1 - GET /favicon.ico HTTP/1.1 - - - - ms
::ffff:127.0.0.1 - POST /startappl HTTP/1.1 200 5825 - 26.340 ms
::ffff:127.0.0.1 - GET /favicon.ico HTTP/1.1 - - - - ms
::1 - GET /favicon.ico HTTP/1.1 - - - - ms
::ffff:127.0.0.1 - POST /startappl HTTP/1.1 200 2650 - 43.971 ms
::ffff:127.0.0.1 - GET /favicon.ico HTTP/1.1 - - - - ms
::1 - GET /favicon.ico HTTP/1.1 - - - - ms
::1 - POST /startappl HTTP/1.1 200 2499 - 41.939 ms
::ffff:127.0.0.1 - POST /startappl HTTP/1.1 200 2478 - 37.738 ms
::1 - GET /favicon.ico HTTP/1.1 - - - - ms
::ffff:127.0.0.1 - POST /startappl HTTP/1.1 200 2547 - 37.994 ms
::1 - GET /favicon.ico HTTP/1.1 - - - - ms
::1 - GET /favicon.ico HTTP/1.1 - - - - ms
::1 - GET /favicon.ico HTTP/1.1 - - - - ms
::1 - POST /startappl HTTP/1.1 200 2606 - 38.412 ms
::1 - POST /startappl HTTP/1.1 200 2610 - 38.410 ms
::1 - GET /favicon.ico HTTP/1.1 - - - - ms
::ffff:127.0.0.1 - GET /favicon.ico HTTP/1.1 - - - - ms
::1 - GET /favicon.ico HTTP/1.1 - - - - ms
::1 - POST /startappl HTTP/1.1 200 2643 - 34.435 ms
::ffff:127.0.0.1 - POST /startappl HTTP/1.1 200 2681 - 41.838 ms
::1 - GET /favicon.ico HTTP/1.1 - - - - ms
::1 - GET /favicon.ico HTTP/1.1 - - - - ms
::ffff:127.0.0.1 - POST /stopappl HTTP/1.1 - - - - ms
::1 - POST /stopappl HTTP/1.1 - - - - ms
::1 - POST /startappl HTTP/1.1 200 2680 - 15.046 ms
::1 - GET /favicon.ico HTTP/1.1 - - - - ms
::1 - POST /stopappl HTTP/1.1 - - - - ms
::1 - GET /favicon.ico HTTP/1.1 - - - - ms
::1 - POST /startappl HTTP/1.1 200 2679 - 38.494 ms
::1 - GET /stopappl?foodcode= HTTP/1.1 - - - - ms
::1 - POST /startappl HTTP/1.1 200 2704 - 46.712 ms
::1 - GET /stopappl?foodcode= HTTP/1.1 - - - - ms
::ffff:127.0.0.1 - GET /stopappl HTTP/1.1 - - - - ms
::1 - GET /startapplication HTTP/1.1 - - - - ms
::1 - GET /application HTTP/1.1 200 2703 - 23.646 ms
::1 - GET /stopappl?foodcode= HTTP/1.1 - - - - ms
::1 - GET /stopappl?foodcode= HTTP/1.1 - - - - ms
::ffff:127.0.0.1 - GET /stopappl?foodcode= HTTP/1.1 - - - - ms
::1 - GET /stopappl?foodcode= HTTP/1.1 - - - - ms
::1 - GET /stopappl?foodcode= HTTP/1.1 - - - - ms
::1 - GET /stopappl?foodcode=c001 HTTP/1.1 - - - - ms
::1 - GET /stopappl?foodcode=c001 HTTP/1.1 - - - - ms
::1 - GET /stopappl?foodcode=c001 HTTP/1.1 - - - - ms
::ffff:127.0.0.1 - GET /stopappl?foodcode=c001 HTTP/1.1 - - - - ms
::1 - GET /favicon.ico HTTP/1.1 - - - - ms
::1 - GET /application HTTP/1.1 200 2705 - 10.202 ms
::1 - POST /stopappl HTTP/1.1 - - - - ms
::1 - GET /favicon.ico HTTP/1.1 - - - - ms
::1 - POST /stopappl HTTP/1.1 - - - - ms
::1 - GET / HTTP/1.1 200 1131 - 42.802 ms
::1 - GET /favicon.ico HTTP/1.1 - - - - ms
::ffff:127.0.0.1 - POST /startappl HTTP/1.1 200 2705 - 36.833 ms
::ffff:127.0.0.1 - POST /stopappl HTTP/1.1 - - - - ms
::ffff:127.0.0.1 - GET / HTTP/1.1 304 - - 43.276 ms
::ffff:127.0.0.1 - POST /startappl HTTP/1.1 200 2709 - 17.739 ms
::1 - GET /favicon.ico HTTP/1.1 - - - - ms
::1 - POST /stopappl/:id HTTP/1.1 - - - - ms
::ffff:127.0.0.1 - POST /startappl HTTP/1.1 200 2709 - 11.020 ms
::ffff:127.0.0.1 - POST /stopappl/:id HTTP/1.1 - - - - ms
::1 - GET /favicon.ico HTTP/1.1 - - - - ms
::1 - POST /stopappl/:id HTTP/1.1 - - - - ms
::1 - POST /stopappl/:id HTTP/1.1 - - - - ms
::1 - GET / HTTP/1.1 304 - - 4.956 ms
::1 - GET / HTTP/1.1 200 1131 - 15.571 ms
::ffff:127.0.0.1 - GET /favicon.ico HTTP/1.1 - - - - ms
::1 - POST /startappl HTTP/1.1 200 2705 - 35.655 ms
::ffff:127.0.0.1 - GET /favicon.ico HTTP/1.1 - - - - ms
::1 - GET /favicon.ico HTTP/1.1 - - - - ms
::1 - GET /favicon.ico HTTP/1.1 - - - - ms
::1 - POST /startappl HTTP/1.1 200 2719 - 37.037 ms
::ffff:127.0.0.1 - GET /favicon.ico HTTP/1.1 - - - - ms
::1 - POST /stopappl HTTP/1.1 - - - - ms
::1 - GET / HTTP/1.1 304 - - 227.809 ms
::1 - POST /startappl HTTP/1.1 200 2672 - 23.299 ms
::1 - GET /favicon.ico HTTP/1.1 - - - - ms
::1 - POST /startappl HTTP/1.1 200 2700 - 46.987 ms
::1 - POST /startappl HTTP/1.1 200 2700 - 35.374 ms
::ffff:127.0.0.1 - GET /favicon.ico HTTP/1.1 - - - - ms
::1 - POST /answer HTTP/1.1 - - - - ms
::1 - GET / HTTP/1.1 304 - - 352.563 ms
::1 - POST /startappl HTTP/1.1 200 2700 - 23.238 ms
::1 - GET /favicon.ico HTTP/1.1 - - - - ms
::1 - POST /answer HTTP/1.1 200 2700 - 6.256 ms
::1 - GET /favicon.ico HTTP/1.1 - - - - ms
::1 - POST /addfood HTTP/1.1 200 2700 - 10.465 ms
::1 - GET /favicon.ico HTTP/1.1 - - - - ms
::1 - POST /addfood HTTP/1.1 200 2700 - 9.022 ms
::1 - GET /favicon.ico HTTP/1.1 - - - - ms
::1 - POST /answer HTTP/1.1 200 2700 - 5.005 ms
::1 - GET /favicon.ico HTTP/1.1 - - - - ms
::1 - POST /addfood HTTP/1.1 200 2700 - 4.863 ms
::1 - GET /favicon.ico HTTP/1.1 - - - - ms
::1 - GET /favicon.ico HTTP/1.1 - - - - ms
::ffff:127.0.0.1 - POST /addfood HTTP/1.1 200 2724 - 39.713 ms
::1 - GET /application HTTP/1.1 200 2724 - 4.304 ms
::1 - GET /favicon.ico HTTP/1.1 - - - - ms
::1 - GET /favicon.ico HTTP/1.1 - - - - ms
::1 - GET /favicon.ico HTTP/1.1 - - - - ms
::1 - GET /application HTTP/1.1 200 2700 - 36.079 ms
::1 - POST /answer HTTP/1.1 204 - - 28.785 ms
::1 - POST /addfood HTTP/1.1 200 2700 - 10.112 ms
::ffff:127.0.0.1 - GET /favicon.ico HTTP/1.1 - - - - ms
::1 - POST /answer HTTP/1.1 204 - - 20.890 ms
::1 - GET /application HTTP/1.1 304 - - 11.116 ms
::ffff:127.0.0.1 - GET /favicon.ico HTTP/1.1 - - - - ms
::1 - POST /answer HTTP/1.1 204 - - 29.463 ms
::1 - POST /addfood HTTP/1.1 204 - - 1.099 ms
::1 - POST /answer HTTP/1.1 204 - - 2.148 ms
::1 - POST /addfood HTTP/1.1 204 - - 0.950 ms
::1 - GET /favicon.ico HTTP/1.1 - - - - ms
::1 - GET /application HTTP/1.1 200 2732 - 29.544 ms
::ffff:127.0.0.1 - GET /favicon.ico HTTP/1.1 - - - - ms
::1 - GET /application HTTP/1.1 200 2754 - 14.712 ms
::ffff:127.0.0.1 - GET /application HTTP/1.1 200 2588 - 13.338 ms
::1 - GET /favicon.ico HTTP/1.1 - - - - ms
::1 - GET / HTTP/1.1 304 - - 5.874 ms
::1 - GET /favicon.ico HTTP/1.1 - - - - ms
::1 - POST /startappl HTTP/1.1 200 2588 - 30.631 ms
::1 - GET /favicon.ico HTTP/1.1 - - - - ms
::1 - GET /favicon.ico HTTP/1.1 - - - - ms
::ffff:127.0.0.1 - POST /startappl HTTP/1.1 200 3401 - 38.016 ms
::1 - POST /startappl HTTP/1.1 200 3400 - 40.322 ms
::ffff:127.0.0.1 - GET /favicon.ico HTTP/1.1 - - - - ms
::1 - POST /startappl HTTP/1.1 200 3400 - 7.501 ms
::ffff:127.0.0.1 - GET /favicon.ico HTTP/1.1 - - - - ms
::ffff:127.0.0.1 - POST /startappl HTTP/1.1 200 3403 - 35.487 ms
::1 - POST /startappl HTTP/1.1 200 3598 - 43.721 ms
::ffff:127.0.0.1 - GET /favicon.ico HTTP/1.1 - - - - ms
::ffff:127.0.0.1 - POST /startappl HTTP/1.1 200 3711 - 30.072 ms
::1 - GET /favicon.ico HTTP/1.1 - - - - ms
::ffff:127.0.0.1 - POST /startappl HTTP/1.1 200 3780 - 39.551 ms
::1 - GET /favicon.ico HTTP/1.1 - - - - ms
::1 - GET /favicon.ico HTTP/1.1 - - - - ms
::1 - POST /startappl HTTP/1.1 200 3902 - 42.307 ms
::ffff:127.0.0.1 - GET /favicon.ico HTTP/1.1 - - - - ms
::1 - GET /favicon.ico HTTP/1.1 - - - - ms
::ffff:127.0.0.1 - POST /startappl HTTP/1.1 200 3958 - 39.543 ms
::ffff:127.0.0.1 - POST /startappl HTTP/1.1 200 4007 - 44.477 ms
::1 - GET /favicon.ico HTTP/1.1 - - - - ms
::1 - POST /startappl HTTP/1.1 200 4056 - 1.645 ms
::ffff:127.0.0.1 - GET /favicon.ico HTTP/1.1 - - - - ms
::1 - GET /favicon.ico HTTP/1.1 - - - - ms
::1 - POST /startappl HTTP/1.1 200 4056 - 5.028 ms
::1 - GET / HTTP/1.1 304 - - 55.443 ms
::1 - POST /startappl HTTP/1.1 200 4206 - 27.307 ms
::1 - GET /favicon.ico HTTP/1.1 - - - - ms
::1 - POST /startappl HTTP/1.1 200 4206 - 6.066 ms
::1 - GET /favicon.ico HTTP/1.1 - - - - ms
::1 - POST /startappl HTTP/1.1 200 4221 - 1.447 ms
::1 - GET /favicon.ico HTTP/1.1 - - - - ms
::1 - POST /startappl HTTP/1.1 200 4253 - 2.769 ms
::1 - GET /favicon.ico HTTP/1.1 - - - - ms
::1 - POST /startappl HTTP/1.1 200 4253 - 1.450 ms
::1 - GET /favicon.ico HTTP/1.1 - - - - ms
::1 - GET /favicon.ico HTTP/1.1 - - - - ms
::1 - POST /stop HTTP/1.1 - - - - ms
::1 - POST /answer HTTP/1.1 204 - - 3.259 ms
::1 - POST /startappl HTTP/1.1 200 4266 - 2.258 ms
::1 - GET / HTTP/1.1 304 - - 1.661 ms
::1 - GET /favicon.ico HTTP/1.1 - - - - ms
::1 - POST /startappl HTTP/1.1 200 4266 - 3.074 ms
::1 - GET /favicon.ico HTTP/1.1 - - - - ms
::1 - POST /startappl HTTP/1.1 200 4281 - 2.576 ms
::1 - GET /favicon.ico HTTP/1.1 - - - - ms
::1 - POST /startappl HTTP/1.1 200 4266 - 1.692 ms
::1 - GET /favicon.ico HTTP/1.1 - - - - ms
::1 - POST /startappl HTTP/1.1 200 4266 - 2.397 ms
::1 - GET /favicon.ico HTTP/1.1 - - - - ms
::1 - GET /favicon.ico HTTP/1.1 - - - - ms
::1 - POST /startappl HTTP/1.1 200 4266 - 2.318 ms
::1 - POST /prepare HTTP/1.1 204 - - 19.627 ms
::1 - POST /clear HTTP/1.1 204 - - 3.014 ms
::1 - POST /answer HTTP/1.1 204 - - 3.581 ms
::ffff:127.0.0.1 - GET /favicon.ico HTTP/1.1 - - - - ms
::1 - POST /startappl HTTP/1.1 200 4385 - 12.691 ms
::1 - POST /prepare HTTP/1.1 204 - - 0.576 ms
::1 - POST /startappl HTTP/1.1 200 4502 - 1.751 ms
::1 - GET /favicon.ico HTTP/1.1 - - - - ms
::1 - POST /clear HTTP/1.1 204 - - 0.597 ms
::1 - POST /prepare HTTP/1.1 204 - - 0.683 ms
::1 - POST /startappl HTTP/1.1 200 4548 - 3.516 ms
::1 - GET /favicon.ico HTTP/1.1 - - - - ms
::1 - POST /answer HTTP/1.1 204 - - 3.053 ms
::1 - GET /favicon.ico HTTP/1.1 - - - - ms
::1 - POST /startappl HTTP/1.1 200 5235 - 2.401 ms
::1 - POST /prepare HTTP/1.1 204 - - 3.100 ms
::1 - POST /clear HTTP/1.1 204 - - 1.517 ms
::1 - POST /answer HTTP/1.1 204 - - 8.578 ms
::1 - POST /addfood HTTP/1.1 204 - - 3.694 ms
::1 - POST /expose HTTP/1.1 204 - - 3.172 ms
::1 - POST /consult HTTP/1.1 204 - - 6.032 ms
::1 - POST /stop HTTP/1.1 - - - - ms
::1 - POST /stop HTTP/1.1 - - - - ms
::1 - POST /stop HTTP/1.1 - - - - ms
::1 - POST /stop HTTP/1.1 - - - - ms
::1 - POST /stop HTTP/1.1 - - - - ms
::1 - POST /reactivate HTTP/1.1 - - - - ms
::1 - POST /stop HTTP/1.1 - - - - ms
::1 - POST /reactivate HTTP/1.1 - - - - ms
::1 - POST /stop HTTP/1.1 - - - - ms
::1 - POST /reactivate HTTP/1.1 - - - - ms
::1 - GET /favicon.ico HTTP/1.1 - - - - ms
::1 - POST /stop HTTP/1.1 - - - - ms
::1 - POST /reactivate HTTP/1.1 - - - - ms
::1 - POST /stop HTTP/1.1 - - - - ms
::1 - POST /reactivate HTTP/1.1 - - - - ms
::1 - POST /stop HTTP/1.1 - - - - ms
::1 - POST /startappl HTTP/1.1 200 5235 - 5.643 ms
::1 - POST /stop HTTP/1.1 - - - - ms
::1 - POST /reactivate HTTP/1.1 - - - - ms
::1 - POST /stop HTTP/1.1 - - - - ms
::1 - POST /reactivate HTTP/1.1 - - - - ms
::1 - GET /favicon.ico HTTP/1.1 - - - - ms
::ffff:127.0.0.1 - POST /startappl HTTP/1.1 200 5235 - 27.007 ms
::ffff:127.0.0.1 - POST /stop HTTP/1.1 204 - - 1.678 ms
::ffff:127.0.0.1 - POST /reactivate HTTP/1.1 204 - - 1.200 ms
::ffff:127.0.0.1 - POST /stop HTTP/1.1 204 - - 1.243 ms
::ffff:127.0.0.1 - POST /addfood HTTP/1.1 204 - - 3.173 ms
::ffff:127.0.0.1 - POST /answer HTTP/1.1 204 - - 1.895 ms
::ffff:127.0.0.1 - POST /addfood HTTP/1.1 204 - - 2.008 ms
::ffff:127.0.0.1 - POST /stop HTTP/1.1 204 - - 1.047 ms
::1 - POST /startappl HTTP/1.1 200 5235 - 27.305 ms
::1 - GET /favicon.ico HTTP/1.1 - - - - ms
::1 - POST /stop HTTP/1.1 204 - - 8.485 ms
::1 - POST /reactivate HTTP/1.1 204 - - 2.388 ms
::1 - POST /addfood HTTP/1.1 204 - - 10.969 ms
::1 - POST /answer HTTP/1.1 204 - - 1.908 ms
::1 - POST /addfood HTTP/1.1 204 - - 9.850 ms
::1 - POST /answer HTTP/1.1 204 - - 7.071 ms
::1 - POST /prepare HTTP/1.1 204 - - 6.564 ms
::1 - POST /clear HTTP/1.1 204 - - 2.526 ms
::1 - POST /expose HTTP/1.1 204 - - 1.806 ms
::1 - POST /consult HTTP/1.1 204 - - 3.325 ms
::1 - GET / HTTP/1.1 304 - - 20.865 ms
::1 - POST /startappl HTTP/1.1 200 5172 - 21.148 ms
::1 - GET /favicon.ico HTTP/1.1 - - - - ms
::1 - GET /favicon.ico HTTP/1.1 - - - - ms
::1 - GET / HTTP/1.1 304 - - 13.936 ms
::1 - POST /startappl HTTP/1.1 200 5172 - 17.410 ms
::1 - GET /favicon.ico HTTP/1.1 - - - - ms
::1 - POST /prepare HTTP/1.1 204 - - 1.531 ms
::1 - POST /clear HTTP/1.1 204 - - 25586.365 ms
::1 - POST /answer HTTP/1.1 204 - - 4.512 ms
::1 - POST /consult HTTP/1.1 204 - - 1.991 ms
::1 - GET /favicon.ico HTTP/1.1 - - - - ms
::1 - POST /startappl HTTP/1.1 200 5173 - 2.715 ms
::1 - GET /favicon.ico HTTP/1.1 - - - - ms
::1 - GET /favicon.ico HTTP/1.1 - - - - ms
::1 - POST /startappl HTTP/1.1 200 5192 - 5.683 ms
::1 - GET / HTTP/1.1 304 - - 1.554 ms
::1 - GET /stylesheets/frontendApplication.css HTTP/1.1 - - - - ms
::1 - POST /startappl HTTP/1.1 200 5192 - 3.607 ms
::1 - GET /favicon.ico HTTP/1.1 - - - - ms
::1 - POST /startappl HTTP/1.1 200 5253 - 7108.533 ms
::1 - GET /stylesheets/frontendApplication.css HTTP/1.1 - - - - ms
::1 - POST /startappl HTTP/1.1 200 5253 - 5.379 ms
::ffff:127.0.0.1 - POST /startappl HTTP/1.1 200 5218 - 26.013 ms
::ffff:127.0.0.1 - GET /stylesheets/frontendApplication.css HTTP/1.1 - - - - ms
::1 - POST /startappl HTTP/1.1 200 5244 - 4.195 ms
::1 - POST /startappl HTTP/1.1 200 5172 - 1.724 ms
::1 - GET /stylesheets/frontendApplication.css HTTP/1.1 - - - - ms
::1 - POST /startappl HTTP/1.1 200 5244 - 6.574 ms
::1 - GET /favicon.ico HTTP/1.1 - - - - ms
::1 - POST /startappl HTTP/1.1 200 5232 - 2.181 ms
::1 - GET /stylesheets/frontendApplication.css HTTP/1.1 - - - - ms
::1 - POST /startappl HTTP/1.1 200 5230 - 9045.319 ms
::1 - GET /frontendApplication.css HTTP/1.1 - - - - ms
::1 - POST /startappl HTTP/1.1 200 5230 - 4.027 ms
::1 - POST /startappl HTTP/1.1 200 5230 - 2.092 ms
::1 - POST /startappl HTTP/1.1 200 5172 - 2.383 ms
::1 - GET /frontendApplication.css HTTP/1.1 - - - - ms
::1 - POST /startappl HTTP/1.1 200 5252 - 3.040 ms
::1 - GET /favicon.ico HTTP/1.1 - - - - ms
::1 - GET /favicon.ico HTTP/1.1 - - - - ms
::1 - POST /startappl HTTP/1.1 200 5260 - 2.480 ms
::1 - GET /stylesheets/frontendApplication.css HTTP/1.1 200 49 - 3.596 ms
::1 - POST /startappl HTTP/1.1 200 5182 - 2.748 ms
::1 - GET /favicon.ico HTTP/1.1 - - - - ms
::1 - GET /stylesheets/frontendApplication.css HTTP/1.1 200 49 - 2.583 ms
::1 - GET /favicon.ico HTTP/1.1 - - - - ms
::1 - GET / HTTP/1.1 304 - - 18.404 ms
::1 - POST /startappl HTTP/1.1 200 5182 - 76.379 ms
::1 - GET /favicon.ico HTTP/1.1 - - - - ms
::1 - GET /stylesheets/frontendApplication.css HTTP/1.1 304 - - 2.936 ms
::1 - POST /startappl HTTP/1.1 200 5155 - 1.829 ms
::1 - GET /favicon.ico HTTP/1.1 - - - - ms
::1 - GET /stylesheets/frontendApplication.css HTTP/1.1 200 115 - 7.389 ms
::1 - POST /startappl HTTP/1.1 200 5117 - 2.779 ms
::1 - GET /favicon.ico HTTP/1.1 - - - - ms
::1 - GET /stylesheets/frontendApplication.css HTTP/1.1 200 115 - 0.679 ms
::1 - POST /startappl HTTP/1.1 200 5128 - 2.397 ms
::1 - GET /favicon.ico HTTP/1.1 - - - - ms
::1 - GET /stylesheets/frontendApplication.css HTTP/1.1 200 115 - 5.326 ms
::1 - GET /favicon.ico HTTP/1.1 - - - - ms
::1 - GET /stylesheets/frontendApplication.css HTTP/1.1 304 - - 1.007 ms
::1 - POST /startappl HTTP/1.1 200 5208 - 6.867 ms
::1 - GET /favicon.ico HTTP/1.1 - - - - ms
::1 - GET /stylesheets/frontendApplication.css HTTP/1.1 200 115 - 13.530 ms
::1 - POST /startappl HTTP/1.1 200 5128 - 2.540 ms
::1 - GET /css/frontendApplication.css HTTP/1.1 - - - - ms
::1 - GET /stylesheets/frontendApplication.css HTTP/1.1 200 115 - 4.471 ms
::1 - GET /startappl HTTP/1.1 - - - - ms
::1 - GET /startappl HTTP/1.1 - - - - ms
::1 - GET / HTTP/1.1 304 - - 11.995 ms
::1 - POST /startappl HTTP/1.1 200 5208 - 18.970 ms
::1 - GET /favicon.ico HTTP/1.1 - - - - ms
::1 - GET /stylesheets/frontendApplication.css HTTP/1.1 304 - - 4.048 ms
::ffff:127.0.0.1 - POST /startappl HTTP/1.1 200 5208 - 25.737 ms
::ffff:127.0.0.1 - GET /favicon.ico HTTP/1.1 - - - - ms
::ffff:127.0.0.1 - GET /stylesheets/frontendApplication.css HTTP/1.1 200 115 - 5.102 ms
::1 - GET / HTTP/1.1 304 - - 2.742 ms
::ffff:127.0.0.1 - GET /css/frontendApplication.css HTTP/1.1 - - - - ms
::1 - POST /startappl HTTP/1.1 200 5208 - 4.764 ms
::1 - GET /favicon.ico HTTP/1.1 - - - - ms
::1 - GET /stylesheets/frontendApplication.css HTTP/1.1 304 - - 1.398 ms
::ffff:127.0.0.1 - GET / HTTP/1.1 304 - - 9.855 ms
::ffff:127.0.0.1 - GET /favicon.ico HTTP/1.1 - - - - ms
::ffff:127.0.0.1 - POST /startappl HTTP/1.1 200 5208 - 16.914 ms
::1 - GET /favicon.ico HTTP/1.1 - - - - ms
::1 - GET /stylesheets/frontendApplication.css HTTP/1.1 304 - - 2.436 ms
::1 - POST /startappl HTTP/1.1 200 5128 - 2.999 ms
::ffff:127.0.0.1 - GET /css/frontendApplication.css HTTP/1.1 - - - - ms
::1 - GET /stylesheets/frontendApplication.css HTTP/1.1 200 115 - 9.632 ms
::1 - POST /startappl HTTP/1.1 200 5128 - 3.189 ms
::1 - GET /favicon.ico HTTP/1.1 - - - - ms
::1 - GET /stylesheets/frontendApplication.css HTTP/1.1 200 115 - 3.537 ms
::1 - GET / HTTP/1.1 304 - - 16.422 ms
::1 - POST /startappl HTTP/1.1 200 5128 - 32.597 ms
::1 - GET /favicon.ico HTTP/1.1 - - - - ms
::1 - GET /stylesheets/frontendApplication.css HTTP/1.1 304 - - 1.837 ms
::1 - POST /answer HTTP/1.1 204 - - 8.280 ms
::1 - GET / HTTP/1.1 200 1131 - 3366.692 ms
::1 - POST /startappl HTTP/1.1 200 5262 - 144.696 ms
::1 - GET /favicon.ico HTTP/1.1 - - - - ms
::1 - POST /startappl HTTP/1.1 200 5174 - 4.117 ms
::1 - GET /stylesheets/frontendApplication.css HTTP/1.1 - - - - ms
::1 - GET /favicon.ico HTTP/1.1 - - - - ms
::1 - POST /startappl HTTP/1.1 200 5174 - 5.084 ms
::1 - GET / HTTP/1.1 304 - - 1.266 ms
::1 - GET /favicon.ico HTTP/1.1 - - - - ms
::1 - GET / HTTP/1.1 200 1131 - 11.034 ms
::ffff:127.0.0.1 - GET /favicon.ico HTTP/1.1 200 133249 - 42.506 ms
::1 - POST /startappl HTTP/1.1 200 5174 - 17.424 ms
::1 - GET / HTTP/1.1 304 - - 43.286 ms
::1 - POST /startappl HTTP/1.1 200 5165 - 22.044 ms
::1 - POST /prepare HTTP/1.1 204 - - 1.217 ms
::1 - GET / HTTP/1.1 304 - - 2.673 ms
::1 - GET / HTTP/1.1 200 1237 - 12.504 ms
::1 - POST /startappl HTTP/1.1 200 5165 - 17.046 ms
::1 - POST /answer HTTP/1.1 204 - - 3.521 ms
::1 - POST /addfood HTTP/1.1 204 - - 1.362 ms
::1 - GET / HTTP/1.1 304 - - 2.947 ms
::1 - POST /startappl HTTP/1.1 200 5165 - 45.131 ms
::1 - POST /prepare HTTP/1.1 204 - - 3.292 ms
::1 - POST /addfood HTTP/1.1 204 - - 1.290 ms
::1 - POST /addfood HTTP/1.1 204 - - 1.498 ms
::1 - POST /answer HTTP/1.1 204 - - 3.333 ms
::1 - POST /expose HTTP/1.1 204 - - 1.818 ms
::1 - POST /consult HTTP/1.1 204 - - 0.549 ms
::1 - POST /startappl HTTP/1.1 200 5200 - 4.802 ms
::1 - GET /stylesheets/style.css HTTP/1.1 200 154 - 17.319 ms
::1 - GET /favicon.ico HTTP/1.1 200 133249 - 103.929 ms
::1 - GET /stylesheets/style.css HTTP/1.1 304 - - 44.597 ms
::1 - POST /startappl HTTP/1.1 200 5200 - 2.868 ms
::1 - GET /stylesheets/style.css HTTP/1.1 200 42 - 4.371 ms
::1 - GET /favicon.ico HTTP/1.1 200 133249 - 0.160 ms
::1 - POST /startappl HTTP/1.1 200 5211 - 12.905 ms
::1 - GET /stylesheets/style.css HTTP/1.1 200 42 - 4.317 ms
::1 - GET /favicon.ico HTTP/1.1 200 133249 - 0.172 ms
::1 - POST /startappl HTTP/1.1 200 5135 - 3.538 ms
::1 - GET /stylesheets/style.css HTTP/1.1 200 97 - 1.587 ms
::1 - GET /favicon.ico HTTP/1.1 200 133249 - 0.405 ms
::1 - POST /startappl HTTP/1.1 200 4303 - 3.256 ms
::1 - GET /stylesheets/style.css HTTP/1.1 200 362 - 4.327 ms
::1 - GET /favicon.ico HTTP/1.1 200 133249 - 0.118 ms
::1 - GET / HTTP/1.1 304 - - 10.922 ms
::1 - POST /startappl HTTP/1.1 200 4131 - 25.682 ms
::1 - GET /stylesheets/style.css HTTP/1.1 200 498 - 8.534 ms
::1 - POST /startappl HTTP/1.1 200 3574 - 4.834 ms
::1 - GET /stylesheets/style.css HTTP/1.1 200 742 - 7.719 ms
::1 - GET /favicon.ico HTTP/1.1 200 133249 - 2.214 ms
::1 - POST /startappl HTTP/1.1 200 3589 - 3.927 ms
::1 - GET /stylesheets/style.css HTTP/1.1 200 752 - 1.468 ms
::1 - GET /favicon.ico HTTP/1.1 200 133249 - 0.146 ms
::1 - POST /startappl HTTP/1.1 200 3598 - 4.562 ms
::1 - GET /stylesheets/style.css HTTP/1.1 200 768 - 1.547 ms
::1 - GET /favicon.ico HTTP/1.1 200 133249 - 0.100 ms
::1 - POST /answer HTTP/1.1 204 - - 7.497 ms
::1 - POST /expose HTTP/1.1 204 - - 4153.652 ms
::1 - POST /consult HTTP/1.1 204 - - 1.958 ms
::1 - POST /clear HTTP/1.1 204 - - 1.941 ms
::1 - POST /prepare HTTP/1.1 204 - - 3.339 ms
::1 - POST /expose HTTP/1.1 204 - - 2.699 ms
::1 - POST /consult HTTP/1.1 204 - - 1.914 ms
::1 - POST /reactivate HTTP/1.1 204 - - 9.321 ms
::1 - POST /stop HTTP/1.1 204 - - 3.182 ms
::1 - POST /startappl HTTP/1.1 200 3598 - 50.264 ms
::1 - GET /stylesheets/style.css HTTP/1.1 200 768 - 10.910 ms
::1 - GET /favicon.ico HTTP/1.1 200 133249 - 1.434 ms
::1 - POST /prepare HTTP/1.1 204 - - 1.665 ms
::1 - POST /clear HTTP/1.1 204 - - 1.714 ms
::1 - POST /expose HTTP/1.1 204 - - 1.718 ms
::1 - POST /consult HTTP/1.1 204 - - 0.553 ms
::1 - POST /answer HTTP/1.1 204 - - 2.344 ms
::1 - POST /addfood HTTP/1.1 204 - - 0.882 ms
::1 - POST /answer HTTP/1.1 204 - - 1.717 ms
::1 - POST /reactivate HTTP/1.1 204 - - 0.908 ms
::1 - POST /stop HTTP/1.1 204 - - 0.703 ms
::1 - POST /startappl HTTP/1.1 200 3598 - 6165.976 ms
::1 - GET /stylesheets/style.css HTTP/1.1 200 768 - 14.219 ms
::1 - GET /favicon.ico HTTP/1.1 200 133249 - 4.072 ms
::1 - POST /answer HTTP/1.1 204 - - 10.049 ms
::1 - POST /answer HTTP/1.1 204 - - 6.733 ms
::1 - POST /addfood HTTP/1.1 204 - - 12.896 ms
::1 - POST /addfood HTTP/1.1 204 - - 9.211 ms
::1 - POST /addfood HTTP/1.1 204 - - 11.217 ms
::1 - POST /answer HTTP/1.1 204 - - 8.312 ms
::ffff:127.0.0.1 - POST /startappl HTTP/1.1 200 3618 - 51.958 ms
::ffff:127.0.0.1 - GET /stylesheets/style.css HTTP/1.1 200 768 - 13.652 ms
::ffff:127.0.0.1 - GET /favicon.ico HTTP/1.1 200 133249 - 5.746 ms
::ffff:127.0.0.1 - POST /answer HTTP/1.1 204 - - 13.571 ms
::ffff:127.0.0.1 - POST /answer HTTP/1.1 500 1875 - 596.021 ms
::1 - GET / HTTP/1.1 304 - - 19.210 ms
::1 - POST /startappl HTTP/1.1 200 3618 - 19.600 ms
::1 - GET /stylesheets/style.css HTTP/1.1 304 - - 10.073 ms
::1 - POST /answer HTTP/1.1 204 - - 9.255 ms
::1 - POST /answer HTTP/1.1 500 1875 - 24.320 ms
::1 - GET / HTTP/1.1 304 - - 289.071 ms
::1 - POST /startappl HTTP/1.1 200 3670 - 16.251 ms
::1 - GET /stylesheets/style.css HTTP/1.1 304 - - 2.278 ms
::1 - POST /answer HTTP/1.1 500 1875 - 6.321 ms
::1 - POST /answer HTTP/1.1 500 1875 - 52.713 ms
::1 - POST /startappl HTTP/1.1 200 3670 - 86.270 ms
::1 - GET / HTTP/1.1 304 - - 3.354 ms
::1 - GET /stylesheets/style.css HTTP/1.1 - - - - ms
::1 - POST /startappl HTTP/1.1 200 3670 - 14.197 ms
::1 - POST /startappl HTTP/1.1 200 3775 - 51.291 ms
::1 - GET /stylesheets/style.css HTTP/1.1 200 768 - 11.036 ms
::1 - POST /startappl HTTP/1.1 200 3670 - 5.592 ms
::1 - GET /popupS.css HTTP/1.1 - - - - ms
::1 - GET /popupS.js HTTP/1.1 - - - - ms
::1 - GET /stylesheets/style.css HTTP/1.1 200 768 - 5.296 ms
::1 - GET /favicon.ico HTTP/1.1 200 133249 - 1.861 ms
::1 - POST /answer HTTP/1.1 204 - - 9.487 ms
::1 - POST /answer HTTP/1.1 500 1875 - 11.027 ms
::1 - POST /addfood HTTP/1.1 204 - - 9.314 ms
::1 - POST /answer HTTP/1.1 500 1875 - 12.641 ms
::ffff:127.0.0.1 - POST /startappl HTTP/1.1 200 3955 - 43.995 ms
::ffff:127.0.0.1 - GET /stylesheets/style.css HTTP/1.1 200 768 - 9.322 ms
::ffff:127.0.0.1 - GET /favicon.ico HTTP/1.1 200 133249 - 2.747 ms
::ffff:127.0.0.1 - POST /answer HTTP/1.1 204 - - 5.857 ms
::ffff:127.0.0.1 - POST /answer HTTP/1.1 204 - - 7.920 ms
::ffff:127.0.0.1 - POST /answer HTTP/1.1 204 - - 14.667 ms
::ffff:127.0.0.1 - POST /startappl HTTP/1.1 200 3979 - 30.434 ms
::ffff:127.0.0.1 - GET /stylesheets/style.css HTTP/1.1 200 768 - 10.004 ms
::1 - GET /favicon.ico HTTP/1.1 200 133249 - 2.495 ms
::ffff:127.0.0.1 - POST /answer HTTP/1.1 204 - - 2.742 ms
::1 - POST /startappl HTTP/1.1 200 4049 - 3.144 ms
::1 - GET /stylesheets/style.css HTTP/1.1 200 768 - 1.984 ms
::1 - GET /favicon.ico HTTP/1.1 200 133249 - 0.208 ms
::1 - POST /startappl HTTP/1.1 200 4049 - 2.457 ms
::1 - GET /stylesheets/style.css HTTP/1.1 200 768 - 1.603 ms
::1 - GET /favicon.ico HTTP/1.1 200 133249 - 0.130 ms
::1 - POST /stop HTTP/1.1 204 - - 2.081 ms
::1 - POST /startappl HTTP/1.1 200 4116 - 1.840 ms
::1 - GET /stylesheets/style.css HTTP/1.1 200 768 - 15.383 ms
::1 - GET /favicon.ico HTTP/1.1 200 133249 - 0.080 ms
::1 - POST /answer HTTP/1.1 204 - - 1.242 ms
::1 - POST /answer HTTP/1.1 204 - - 12.187 ms
::1 - POST /startappl HTTP/1.1 200 4116 - 52.593 ms
::1 - GET /stylesheets/style.css HTTP/1.1 200 768 - 8.168 ms
::1 - GET /favicon.ico HTTP/1.1 200 133249 - 1.914 ms
::1 - POST /answer HTTP/1.1 204 - - 10.803 ms
::1 - POST /addfood HTTP/1.1 204 - - 15.242 ms
::1 - POST /answer HTTP/1.1 204 - - 13.666 ms
::1 - POST /addfood HTTP/1.1 204 - - 15.871 ms
::1 - POST /answer HTTP/1.1 204 - - 18.157 ms
::1 - POST /addfood HTTP/1.1 204 - - 7.388 ms
::1 - POST /addfood HTTP/1.1 204 - - 9.327 ms
::ffff:127.0.0.1 - POST /startappl HTTP/1.1 200 4098 - 120.341 ms
::ffff:127.0.0.1 - GET /stylesheets/style.css HTTP/1.1 200 768 - 9.542 ms
::ffff:127.0.0.1 - GET /favicon.ico HTTP/1.1 200 133249 - 5.171 ms
::ffff:127.0.0.1 - POST /answer HTTP/1.1 204 - - 44.412 ms
::1 - POST /answer HTTP/1.1 204 - - 24.035 ms
::1 - POST /answer HTTP/1.1 204 - - 11.687 ms
::1 - POST /answer HTTP/1.1 204 - - 30.080 ms
::1 - POST /startappl HTTP/1.1 200 4198 - 111.196 ms
::1 - GET /stylesheets/style.css HTTP/1.1 200 768 - 6.951 ms
::ffff:127.0.0.1 - GET /favicon.ico HTTP/1.1 200 133249 - 1.657 ms
::1 - POST /answer HTTP/1.1 500 1875 - 53.518 ms
::ffff:127.0.0.1 - POST /startappl HTTP/1.1 200 4201 - 126.378 ms
::ffff:127.0.0.1 - GET /stylesheets/style.css HTTP/1.1 200 768 - 12.460 ms
::1 - GET /favicon.ico HTTP/1.1 200 133249 - 2.840 ms
::ffff:127.0.0.1 - POST /answer HTTP/1.1 204 - - 20.185 ms
::ffff:127.0.0.1 - POST /answer HTTP/1.1 204 - - 22.310 ms
::1 - POST /addfood HTTP/1.1 204 - - 18.085 ms
::1 - POST /answer HTTP/1.1 204 - - 9.602 ms
::1 - GET /stylesheets/style.css HTTP/1.1 304 - - 1.856 ms
::1 - POST /startappl HTTP/1.1 200 4200 - 22.003 ms
::1 - GET /stylesheets/style.css HTTP/1.1 200 768 - 6.730 ms
::1 - GET /favicon.ico HTTP/1.1 200 133249 - 0.151 ms
::1 - POST /answer HTTP/1.1 204 - - 17.529 ms
::1 - POST /startappl HTTP/1.1 200 4178 - 22.666 ms
::1 - GET /stylesheets/style.css HTTP/1.1 200 768 - 7.096 ms
::1 - GET /favicon.ico HTTP/1.1 200 133249 - 0.104 ms
::1 - POST /answer HTTP/1.1 204 - - 27.708 ms
::1 - POST /startappl HTTP/1.1 200 4184 - 17.388 ms
::1 - GET /stylesheets/style.css HTTP/1.1 200 768 - 1.602 ms
::1 - GET /favicon.ico HTTP/1.1 200 133249 - 0.236 ms
::1 - POST /answer HTTP/1.1 204 - - 17.667 ms
::1 - POST /startappl HTTP/1.1 200 4184 - 19.565 ms
::1 - GET /stylesheets/style.css HTTP/1.1 200 807 - 1.032 ms
::1 - GET /favicon.ico HTTP/1.1 200 133249 - 0.065 ms
::1 - POST /answer HTTP/1.1 204 - - 19.741 ms
::1 - POST /answer HTTP/1.1 204 - - 7.937 ms
::1 - POST /answer HTTP/1.1 204 - - 16.522 ms
::1 - POST /addfood HTTP/1.1 204 - - 19.527 ms
::1 - POST /answer HTTP/1.1 204 - - 17.294 ms
::1 - POST /answer HTTP/1.1 204 - - 17.086 ms
::1 - GET /stylesheets/style.css HTTP/1.1 304 - - 0.702 ms
::1 - POST /startappl HTTP/1.1 200 4184 - 21.414 ms
::1 - GET /stylesheets/style.css HTTP/1.1 200 803 - 1.824 ms
::1 - GET /favicon.ico HTTP/1.1 200 133249 - 0.102 ms
::1 - POST /startappl HTTP/1.1 200 4184 - 23.730 ms
::1 - GET /stylesheets/style.css HTTP/1.1 200 801 - 3.054 ms
::1 - GET /favicon.ico HTTP/1.1 200 133249 - 0.083 ms
::1 - POST /answer HTTP/1.1 204 - - 32.509 ms
::1 - POST /answer HTTP/1.1 204 - - 23.948 ms
::1 - POST /answer HTTP/1.1 204 - - 19.107 ms
::ffff:127.0.0.1 - POST /startappl HTTP/1.1 200 4184 - 56.561 ms
::ffff:127.0.0.1 - GET /stylesheets/style.css HTTP/1.1 200 801 - 9.530 ms
::1 - GET /favicon.ico HTTP/1.1 200 133249 - 10.377 ms
::ffff:127.0.0.1 - POST /answer HTTP/1.1 204 - - 28.036 ms
::ffff:127.0.0.1 - POST /answer HTTP/1.1 204 - - 34.627 ms
::ffff:127.0.0.1 - POST /answer HTTP/1.1 204 - - 21.080 ms
::1 - POST /startappl HTTP/1.1 200 4188 - 64.793 ms
::1 - GET /stylesheets/style.css HTTP/1.1 200 801 - 16.508 ms
::ffff:127.0.0.1 - GET /favicon.ico HTTP/1.1 200 133249 - 1.864 ms
::1 - POST /answer HTTP/1.1 204 - - 23.922 ms
::ffff:127.0.0.1 - POST /answer HTTP/1.1 204 - - 49.964 ms
::ffff:127.0.0.1 - POST /answer HTTP/1.1 204 - - 34.185 ms
::1 - POST /answer HTTP/1.1 204 - - 20.280 ms
::1 - POST /addfood HTTP/1.1 204 - - 30.084 ms
::1 - POST /addfood HTTP/1.1 204 - - 7.769 ms
::1 - POST /addfood HTTP/1.1 204 - - 25.821 ms
::1 - POST /answer HTTP/1.1 204 - - 8.323 ms
::1 - POST /startappl HTTP/1.1 200 4244 - 27.229 ms
::1 - GET /stylesheets/style.css HTTP/1.1 200 801 - 15.585 ms
::1 - GET /favicon.ico HTTP/1.1 200 133249 - 8.145 ms
::1 - POST /answer HTTP/1.1 204 - - 8.005 ms
::1 - POST /answer HTTP/1.1 204 - - 7.329 ms
::1 - POST /addfood HTTP/1.1 204 - - 8.311 ms
::1 - POST /addfood HTTP/1.1 204 - - 8.897 ms
::1 - GET / HTTP/1.1 304 - - 49.484 ms
::1 - POST /startappl HTTP/1.1 200 4244 - 27.551 ms
::1 - GET /stylesheets/style.css HTTP/1.1 304 - - 7.904 ms
::1 - POST /prepare HTTP/1.1 204 - - 1.571 ms
::1 - POST /clear HTTP/1.1 204 - - 0.756 ms
::1 - POST /answer HTTP/1.1 204 - - 3.281 ms
::1 - POST /addfood HTTP/1.1 204 - - 6.580 ms
::1 - POST /answer HTTP/1.1 204 - - 8.236 ms
::1 - POST /answer HTTP/1.1 204 - - 9.558 ms
::1 - POST /startappl HTTP/1.1 200 4244 - 1.768 ms
::1 - GET /stylesheets/style.css HTTP/1.1 304 - - 1.297 ms
::1 - GET /favicon.ico HTTP/1.1 200 133249 - 2.727 ms
::1 - POST /addfood HTTP/1.1 204 - - 6.892 ms
::1 - GET /stylesheets/style.css HTTP/1.1 304 - - 1.317 ms
::1 - POST /answer HTTP/1.1 204 - - 4.073 ms
::1 - POST /addfood HTTP/1.1 204 - - 9.322 ms
